2020-01-21 17:06:50+0900: Analysis Engine starting...
2020-01-21 17:06:50+0900: KataGo v1.3.1
2020-01-21 17:06:50+0900: nnRandSeed0 = 16465054086453753334
2020-01-21 17:06:50+0900: After dedups: nnModelFile0 = /home/ikeda-05444/users/fan/GoProjects/KataModels/model-20200120.txt.gz useFP16 false useNHWC false
2020-01-21 17:06:56+0900: Found OpenCL Platform 0: NVIDIA CUDA (NVIDIA Corporation) (OpenCL 1.2 CUDA 9.1.84)
2020-01-21 17:06:56+0900: Found 3 device(s) on platform 0 with type GPU or Accelerator
2020-01-21 17:06:56+0900: Found OpenCL Device 0: GeForce GTX TITAN X (NVIDIA Corporation)
2020-01-21 17:06:56+0900: Found OpenCL Device 1: GeForce GT 720 (NVIDIA Corporation)
2020-01-21 17:06:56+0900: Found OpenCL Device 2: GeForce GTX TITAN X (NVIDIA Corporation)
2020-01-21 17:06:56+0900: Using OpenCL Device 0: GeForce GTX TITAN X (NVIDIA Corporation) OpenCL 1.2 CUDA
2020-01-21 17:06:56+0900: Loaded tuning parameters from: /home/ikeda-05444/.katago/opencltuning/tune_gpuGeForceGTXTITANX_x19_y19_c256_mv8.txt
2020-01-21 17:06:56+0900: Loaded model /home/ikeda-05444/users/fan/GoProjects/KataModels/model-20200120.txt.gz
2020-01-21 17:06:56+0900: OpenCL backend: Model version 8
2020-01-21 17:06:56+0900: Analyzing up to 16 positions at at time in parallel
2020-01-21 17:06:56+0900: Started, ready to begin handling requests
2020-01-23 16:54:51+0900: Analysis Engine starting...
2020-01-23 16:54:51+0900: KataGo v1.3.1
2020-01-23 16:54:51+0900: nnRandSeed0 = 15049803919659491524
2020-01-23 16:54:51+0900: After dedups: nnModelFile0 = /home/ikeda-05444/users/fan/GoProjects/KataModels/model-20200120.txt.gz useFP16 false useNHWC false
2020-01-23 16:54:57+0900: Found OpenCL Platform 0: NVIDIA CUDA (NVIDIA Corporation) (OpenCL 1.2 CUDA 9.1.84)
2020-01-23 16:54:57+0900: Found 3 device(s) on platform 0 with type GPU or Accelerator
2020-01-23 16:54:57+0900: Found OpenCL Device 0: GeForce GTX TITAN X (NVIDIA Corporation)
2020-01-23 16:54:57+0900: Found OpenCL Device 1: GeForce GT 720 (NVIDIA Corporation)
2020-01-23 16:54:57+0900: Found OpenCL Device 2: GeForce GTX TITAN X (NVIDIA Corporation)
2020-01-23 16:54:57+0900: Using OpenCL Device 0: GeForce GTX TITAN X (NVIDIA Corporation) OpenCL 1.2 CUDA
2020-01-23 16:54:57+0900: Loaded tuning parameters from: /home/ikeda-05444/.katago/opencltuning/tune_gpuGeForceGTXTITANX_x19_y19_c256_mv8.txt
2020-01-23 16:54:57+0900: Loaded model /home/ikeda-05444/users/fan/GoProjects/KataModels/model-20200120.txt.gz
2020-01-23 16:54:57+0900: OpenCL backend: Model version 8
2020-01-23 16:54:57+0900: Analyzing up to 16 positions at at time in parallel
2020-01-23 16:54:57+0900: Started, ready to begin handling requests
2020-01-23 16:55:27+0900: Analysis Engine starting...
2020-01-23 16:55:27+0900: KataGo v1.3.1
2020-01-23 16:55:27+0900: nnRandSeed0 = 4847006378066777868
2020-01-23 16:55:27+0900: After dedups: nnModelFile0 = /home/ikeda-05444/users/fan/GoProjects/KataModels/model-20200120.txt.gz useFP16 false useNHWC false
2020-01-23 16:55:32+0900: Found OpenCL Platform 0: NVIDIA CUDA (NVIDIA Corporation) (OpenCL 1.2 CUDA 9.1.84)
2020-01-23 16:55:32+0900: Found 3 device(s) on platform 0 with type GPU or Accelerator
2020-01-23 16:55:32+0900: Found OpenCL Device 0: GeForce GTX TITAN X (NVIDIA Corporation)
2020-01-23 16:55:32+0900: Found OpenCL Device 1: GeForce GT 720 (NVIDIA Corporation)
2020-01-23 16:55:32+0900: Found OpenCL Device 2: GeForce GTX TITAN X (NVIDIA Corporation)
2020-01-23 16:55:32+0900: Using OpenCL Device 0: GeForce GTX TITAN X (NVIDIA Corporation) OpenCL 1.2 CUDA
2020-01-23 16:55:32+0900: Loaded tuning parameters from: /home/ikeda-05444/.katago/opencltuning/tune_gpuGeForceGTXTITANX_x19_y19_c256_mv8.txt
2020-01-23 16:55:33+0900: Loaded model /home/ikeda-05444/users/fan/GoProjects/KataModels/model-20200120.txt.gz
2020-01-23 16:55:33+0900: OpenCL backend: Model version 8
2020-01-23 16:55:33+0900: Analyzing up to 16 positions at at time in parallel
2020-01-23 16:55:33+0900: Started, ready to begin handling requests
2020-01-23 17:14:14+0900: Analysis Engine starting...
2020-01-23 17:14:14+0900: KataGo v1.3.1
2020-01-23 17:14:14+0900: nnRandSeed0 = 2003422044695688556
2020-01-23 17:14:14+0900: After dedups: nnModelFile0 = /home/ikeda-05444/users/fan/GoProjects/KataModels/model-20200120.txt.gz useFP16 false useNHWC false
2020-01-23 17:14:20+0900: Found OpenCL Platform 0: NVIDIA CUDA (NVIDIA Corporation) (OpenCL 1.2 CUDA 9.1.84)
2020-01-23 17:14:20+0900: Found 3 device(s) on platform 0 with type GPU or Accelerator
2020-01-23 17:14:20+0900: Found OpenCL Device 0: GeForce GTX TITAN X (NVIDIA Corporation)
2020-01-23 17:14:20+0900: Found OpenCL Device 1: GeForce GT 720 (NVIDIA Corporation)
2020-01-23 17:14:20+0900: Found OpenCL Device 2: GeForce GTX TITAN X (NVIDIA Corporation)
2020-01-23 17:14:20+0900: Using OpenCL Device 0: GeForce GTX TITAN X (NVIDIA Corporation) OpenCL 1.2 CUDA
2020-01-23 17:14:20+0900: Loaded tuning parameters from: /home/ikeda-05444/.katago/opencltuning/tune_gpuGeForceGTXTITANX_x19_y19_c256_mv8.txt
2020-01-23 17:14:20+0900: Loaded model /home/ikeda-05444/users/fan/GoProjects/KataModels/model-20200120.txt.gz
2020-01-23 17:14:20+0900: OpenCL backend: Model version 8
2020-01-23 17:14:20+0900: Analyzing up to 16 positions at at time in parallel
2020-01-23 17:14:20+0900: Started, ready to begin handling requests
2020-01-23 19:50:59+0900: Analysis Engine starting...
2020-01-23 19:50:59+0900: KataGo v1.3.1
2020-01-23 19:50:59+0900: nnRandSeed0 = 7692685801348157026
2020-01-23 19:50:59+0900: After dedups: nnModelFile0 = /home/ikeda-05444/users/fan/GoProjects/KataModels/model-20200120.txt.gz useFP16 false useNHWC false
2020-01-23 19:51:05+0900: Found OpenCL Platform 0: NVIDIA CUDA (NVIDIA Corporation) (OpenCL 1.2 CUDA 9.1.84)
2020-01-23 19:51:05+0900: Found 3 device(s) on platform 0 with type GPU or Accelerator
2020-01-23 19:51:05+0900: Found OpenCL Device 0: GeForce GTX TITAN X (NVIDIA Corporation)
2020-01-23 19:51:05+0900: Found OpenCL Device 1: GeForce GT 720 (NVIDIA Corporation)
2020-01-23 19:51:05+0900: Found OpenCL Device 2: GeForce GTX TITAN X (NVIDIA Corporation)
2020-01-23 19:51:05+0900: Using OpenCL Device 0: GeForce GTX TITAN X (NVIDIA Corporation) OpenCL 1.2 CUDA
2020-01-23 19:51:05+0900: Loaded tuning parameters from: /home/ikeda-05444/.katago/opencltuning/tune_gpuGeForceGTXTITANX_x19_y19_c256_mv8.txt
2020-01-23 19:51:05+0900: Loaded model /home/ikeda-05444/users/fan/GoProjects/KataModels/model-20200120.txt.gz
2020-01-23 19:51:05+0900: OpenCL backend: Model version 8
2020-01-23 19:51:05+0900: Analyzing up to 16 positions at at time in parallel
2020-01-23 19:51:05+0900: Started, ready to begin handling requests
2020-01-23 19:52:08+0900: Analysis Engine starting...
2020-01-23 19:52:08+0900: KataGo v1.3.1
2020-01-23 19:52:08+0900: nnRandSeed0 = 13264571159475753892
2020-01-23 19:52:08+0900: After dedups: nnModelFile0 = /home/ikeda-05444/users/fan/GoProjects/KataModels/model-20200120.txt.gz useFP16 false useNHWC false
2020-01-23 19:52:14+0900: Found OpenCL Platform 0: NVIDIA CUDA (NVIDIA Corporation) (OpenCL 1.2 CUDA 9.1.84)
2020-01-23 19:52:14+0900: Found 3 device(s) on platform 0 with type GPU or Accelerator
2020-01-23 19:52:14+0900: Found OpenCL Device 0: GeForce GTX TITAN X (NVIDIA Corporation)
2020-01-23 19:52:14+0900: Found OpenCL Device 1: GeForce GT 720 (NVIDIA Corporation)
2020-01-23 19:52:14+0900: Found OpenCL Device 2: GeForce GTX TITAN X (NVIDIA Corporation)
2020-01-23 19:52:14+0900: Using OpenCL Device 0: GeForce GTX TITAN X (NVIDIA Corporation) OpenCL 1.2 CUDA
2020-01-23 19:52:14+0900: Loaded tuning parameters from: /home/ikeda-05444/.katago/opencltuning/tune_gpuGeForceGTXTITANX_x19_y19_c256_mv8.txt
2020-01-23 19:52:14+0900: Loaded model /home/ikeda-05444/users/fan/GoProjects/KataModels/model-20200120.txt.gz
2020-01-23 19:52:14+0900: OpenCL backend: Model version 8
2020-01-23 19:52:14+0900: Analyzing up to 16 positions at at time in parallel
2020-01-23 19:52:14+0900: Started, ready to begin handling requests
2020-01-23 20:03:53+0900: Analysis Engine starting...
2020-01-23 20:03:53+0900: KataGo v1.3.1
2020-01-23 20:03:53+0900: nnRandSeed0 = 7225853183217796776
2020-01-23 20:03:53+0900: After dedups: nnModelFile0 = /home/ikeda-05444/users/fan/GoProjects/KataModels/model-20200120.txt.gz useFP16 false useNHWC false
2020-01-23 20:03:59+0900: Found OpenCL Platform 0: NVIDIA CUDA (NVIDIA Corporation) (OpenCL 1.2 CUDA 9.1.84)
2020-01-23 20:03:59+0900: Found 3 device(s) on platform 0 with type GPU or Accelerator
2020-01-23 20:03:59+0900: Found OpenCL Device 0: GeForce GTX TITAN X (NVIDIA Corporation)
2020-01-23 20:03:59+0900: Found OpenCL Device 1: GeForce GT 720 (NVIDIA Corporation)
2020-01-23 20:03:59+0900: Found OpenCL Device 2: GeForce GTX TITAN X (NVIDIA Corporation)
2020-01-23 20:03:59+0900: Using OpenCL Device 0: GeForce GTX TITAN X (NVIDIA Corporation) OpenCL 1.2 CUDA
2020-01-23 20:03:59+0900: Loaded tuning parameters from: /home/ikeda-05444/.katago/opencltuning/tune_gpuGeForceGTXTITANX_x19_y19_c256_mv8.txt
2020-01-23 20:03:59+0900: Loaded model /home/ikeda-05444/users/fan/GoProjects/KataModels/model-20200120.txt.gz
2020-01-23 20:03:59+0900: OpenCL backend: Model version 8
2020-01-23 20:03:59+0900: Analyzing up to 16 positions at at time in parallel
2020-01-23 20:03:59+0900: Started, ready to begin handling requests
2020-01-23 20:05:14+0900: Analysis Engine starting...
2020-01-23 20:05:14+0900: KataGo v1.3.1
2020-01-23 20:05:14+0900: nnRandSeed0 = 7742413086549347330
2020-01-23 20:05:14+0900: After dedups: nnModelFile0 = /home/ikeda-05444/users/fan/GoProjects/KataModels/model-20200120.txt.gz useFP16 false useNHWC false
2020-01-23 20:05:20+0900: Found OpenCL Platform 0: NVIDIA CUDA (NVIDIA Corporation) (OpenCL 1.2 CUDA 9.1.84)
2020-01-23 20:05:20+0900: Found 3 device(s) on platform 0 with type GPU or Accelerator
2020-01-23 20:05:20+0900: Found OpenCL Device 0: GeForce GTX TITAN X (NVIDIA Corporation)
2020-01-23 20:05:20+0900: Found OpenCL Device 1: GeForce GT 720 (NVIDIA Corporation)
2020-01-23 20:05:20+0900: Found OpenCL Device 2: GeForce GTX TITAN X (NVIDIA Corporation)
2020-01-23 20:05:20+0900: Using OpenCL Device 0: GeForce GTX TITAN X (NVIDIA Corporation) OpenCL 1.2 CUDA
2020-01-23 20:05:20+0900: Loaded tuning parameters from: /home/ikeda-05444/.katago/opencltuning/tune_gpuGeForceGTXTITANX_x19_y19_c256_mv8.txt
2020-01-23 20:05:20+0900: Loaded model /home/ikeda-05444/users/fan/GoProjects/KataModels/model-20200120.txt.gz
2020-01-23 20:05:20+0900: OpenCL backend: Model version 8
2020-01-23 20:05:20+0900: Analyzing up to 16 positions at at time in parallel
2020-01-23 20:05:20+0900: Started, ready to begin handling requests
2020-01-23 20:28:13+0900: Analysis Engine starting...
2020-01-23 20:28:13+0900: KataGo v1.3.1
2020-01-23 20:28:13+0900: nnRandSeed0 = 17902338041480775419
2020-01-23 20:28:13+0900: After dedups: nnModelFile0 = /home/ikeda-05444/users/fan/GoProjects/KataModels/model-20200120.txt.gz useFP16 false useNHWC false
2020-01-23 20:28:19+0900: Found OpenCL Platform 0: NVIDIA CUDA (NVIDIA Corporation) (OpenCL 1.2 CUDA 9.1.84)
2020-01-23 20:28:19+0900: Found 3 device(s) on platform 0 with type GPU or Accelerator
2020-01-23 20:28:19+0900: Found OpenCL Device 0: GeForce GTX TITAN X (NVIDIA Corporation)
2020-01-23 20:28:19+0900: Found OpenCL Device 1: GeForce GT 720 (NVIDIA Corporation)
2020-01-23 20:28:19+0900: Found OpenCL Device 2: GeForce GTX TITAN X (NVIDIA Corporation)
2020-01-23 20:28:19+0900: Using OpenCL Device 0: GeForce GTX TITAN X (NVIDIA Corporation) OpenCL 1.2 CUDA
2020-01-23 20:28:19+0900: Loaded tuning parameters from: /home/ikeda-05444/.katago/opencltuning/tune_gpuGeForceGTXTITANX_x19_y19_c256_mv8.txt
2020-01-23 20:28:19+0900: Loaded model /home/ikeda-05444/users/fan/GoProjects/KataModels/model-20200120.txt.gz
2020-01-23 20:28:19+0900: OpenCL backend: Model version 8
2020-01-23 20:28:19+0900: Analyzing up to 16 positions at at time in parallel
2020-01-23 20:28:19+0900: Started, ready to begin handling requests
2020-01-23 21:15:57+0900: Analysis Engine starting...
2020-01-23 21:15:57+0900: KataGo v1.3.1
2020-01-23 21:15:57+0900: nnRandSeed0 = 18068936914334003429
2020-01-23 21:15:57+0900: After dedups: nnModelFile0 = /home/ikeda-05444/users/fan/GoProjects/KataModels/model-20200120.txt.gz useFP16 false useNHWC false
2020-01-23 21:16:03+0900: Found OpenCL Platform 0: NVIDIA CUDA (NVIDIA Corporation) (OpenCL 1.2 CUDA 9.1.84)
2020-01-23 21:16:03+0900: Found 3 device(s) on platform 0 with type GPU or Accelerator
2020-01-23 21:16:03+0900: Found OpenCL Device 0: GeForce GTX TITAN X (NVIDIA Corporation)
2020-01-23 21:16:03+0900: Found OpenCL Device 1: GeForce GT 720 (NVIDIA Corporation)
2020-01-23 21:16:03+0900: Found OpenCL Device 2: GeForce GTX TITAN X (NVIDIA Corporation)
2020-01-23 21:16:03+0900: Using OpenCL Device 0: GeForce GTX TITAN X (NVIDIA Corporation) OpenCL 1.2 CUDA
2020-01-23 21:16:03+0900: Loaded tuning parameters from: /home/ikeda-05444/.katago/opencltuning/tune_gpuGeForceGTXTITANX_x19_y19_c256_mv8.txt
2020-01-23 21:16:03+0900: Loaded model /home/ikeda-05444/users/fan/GoProjects/KataModels/model-20200120.txt.gz
2020-01-23 21:16:03+0900: OpenCL backend: Model version 8
2020-01-23 21:16:03+0900: Analyzing up to 16 positions at at time in parallel
2020-01-23 21:16:03+0900: Started, ready to begin handling requests
2020-01-23 23:34:52+0900: Analysis Engine starting...
2020-01-23 23:34:52+0900: KataGo v1.3.1
2020-01-23 23:34:52+0900: nnRandSeed0 = 7628133338229230400
2020-01-23 23:34:52+0900: After dedups: nnModelFile0 = /home/ikeda-05444/users/fan/GoProjects/KataModels/model-20200120.txt.gz useFP16 false useNHWC false
2020-01-23 23:34:58+0900: Found OpenCL Platform 0: NVIDIA CUDA (NVIDIA Corporation) (OpenCL 1.2 CUDA 9.1.84)
2020-01-23 23:34:58+0900: Found 3 device(s) on platform 0 with type GPU or Accelerator
2020-01-23 23:34:58+0900: Found OpenCL Device 0: GeForce GTX TITAN X (NVIDIA Corporation)
2020-01-23 23:34:58+0900: Found OpenCL Device 1: GeForce GT 720 (NVIDIA Corporation)
2020-01-23 23:34:58+0900: Found OpenCL Device 2: GeForce GTX TITAN X (NVIDIA Corporation)
2020-01-23 23:34:58+0900: Using OpenCL Device 0: GeForce GTX TITAN X (NVIDIA Corporation) OpenCL 1.2 CUDA
2020-01-23 23:34:58+0900: Loaded tuning parameters from: /home/ikeda-05444/.katago/opencltuning/tune_gpuGeForceGTXTITANX_x19_y19_c256_mv8.txt
2020-01-23 23:34:58+0900: Loaded model /home/ikeda-05444/users/fan/GoProjects/KataModels/model-20200120.txt.gz
2020-01-23 23:34:58+0900: OpenCL backend: Model version 8
2020-01-23 23:34:58+0900: Analyzing up to 16 positions at at time in parallel
2020-01-23 23:34:58+0900: Started, ready to begin handling requests
2020-01-23 23:39:07+0900: Analysis Engine starting...
2020-01-23 23:39:07+0900: KataGo v1.3.1
2020-01-23 23:39:07+0900: nnRandSeed0 = 1661910967206346749
2020-01-23 23:39:07+0900: After dedups: nnModelFile0 = /home/ikeda-05444/users/fan/GoProjects/KataModels/model-20200120.txt.gz useFP16 false useNHWC false
2020-01-23 23:39:13+0900: Found OpenCL Platform 0: NVIDIA CUDA (NVIDIA Corporation) (OpenCL 1.2 CUDA 9.1.84)
2020-01-23 23:39:13+0900: Found 3 device(s) on platform 0 with type GPU or Accelerator
2020-01-23 23:39:13+0900: Found OpenCL Device 0: GeForce GTX TITAN X (NVIDIA Corporation)
2020-01-23 23:39:13+0900: Found OpenCL Device 1: GeForce GT 720 (NVIDIA Corporation)
2020-01-23 23:39:13+0900: Found OpenCL Device 2: GeForce GTX TITAN X (NVIDIA Corporation)
2020-01-23 23:39:13+0900: Using OpenCL Device 0: GeForce GTX TITAN X (NVIDIA Corporation) OpenCL 1.2 CUDA
2020-01-23 23:39:13+0900: Loaded tuning parameters from: /home/ikeda-05444/.katago/opencltuning/tune_gpuGeForceGTXTITANX_x19_y19_c256_mv8.txt
2020-01-23 23:39:13+0900: Loaded model /home/ikeda-05444/users/fan/GoProjects/KataModels/model-20200120.txt.gz
2020-01-23 23:39:13+0900: OpenCL backend: Model version 8
2020-01-23 23:39:13+0900: Analyzing up to 16 positions at at time in parallel
2020-01-23 23:39:13+0900: Started, ready to begin handling requests
2020-01-23 23:41:48+0900: Analysis Engine starting...
2020-01-23 23:41:48+0900: KataGo v1.3.1
2020-01-23 23:41:48+0900: nnRandSeed0 = 4422138954143249324
2020-01-23 23:41:48+0900: After dedups: nnModelFile0 = /home/ikeda-05444/users/fan/GoProjects/KataModels/model-20200120.txt.gz useFP16 false useNHWC false
2020-01-23 23:41:53+0900: Found OpenCL Platform 0: NVIDIA CUDA (NVIDIA Corporation) (OpenCL 1.2 CUDA 9.1.84)
2020-01-23 23:41:53+0900: Found 3 device(s) on platform 0 with type GPU or Accelerator
2020-01-23 23:41:53+0900: Found OpenCL Device 0: GeForce GTX TITAN X (NVIDIA Corporation)
2020-01-23 23:41:53+0900: Found OpenCL Device 1: GeForce GT 720 (NVIDIA Corporation)
2020-01-23 23:41:53+0900: Found OpenCL Device 2: GeForce GTX TITAN X (NVIDIA Corporation)
2020-01-23 23:41:54+0900: Using OpenCL Device 0: GeForce GTX TITAN X (NVIDIA Corporation) OpenCL 1.2 CUDA
2020-01-23 23:41:54+0900: Loaded tuning parameters from: /home/ikeda-05444/.katago/opencltuning/tune_gpuGeForceGTXTITANX_x19_y19_c256_mv8.txt
2020-01-23 23:41:54+0900: Loaded model /home/ikeda-05444/users/fan/GoProjects/KataModels/model-20200120.txt.gz
2020-01-23 23:41:54+0900: OpenCL backend: Model version 8
2020-01-23 23:41:54+0900: Analyzing up to 16 positions at at time in parallel
2020-01-23 23:41:54+0900: Started, ready to begin handling requests
2020-01-23 23:47:05+0900: Analysis Engine starting...
2020-01-23 23:47:05+0900: KataGo v1.3.1
2020-01-23 23:47:05+0900: nnRandSeed0 = 17119857496068204998
2020-01-23 23:47:05+0900: After dedups: nnModelFile0 = /home/ikeda-05444/users/fan/GoProjects/KataModels/model-20200120.txt.gz useFP16 false useNHWC false
2020-01-23 23:47:11+0900: Found OpenCL Platform 0: NVIDIA CUDA (NVIDIA Corporation) (OpenCL 1.2 CUDA 9.1.84)
2020-01-23 23:47:11+0900: Found 3 device(s) on platform 0 with type GPU or Accelerator
2020-01-23 23:47:11+0900: Found OpenCL Device 0: GeForce GTX TITAN X (NVIDIA Corporation)
2020-01-23 23:47:11+0900: Found OpenCL Device 1: GeForce GT 720 (NVIDIA Corporation)
2020-01-23 23:47:11+0900: Found OpenCL Device 2: GeForce GTX TITAN X (NVIDIA Corporation)
2020-01-23 23:47:11+0900: Using OpenCL Device 0: GeForce GTX TITAN X (NVIDIA Corporation) OpenCL 1.2 CUDA
2020-01-23 23:47:11+0900: Loaded tuning parameters from: /home/ikeda-05444/.katago/opencltuning/tune_gpuGeForceGTXTITANX_x19_y19_c256_mv8.txt
2020-01-23 23:47:11+0900: Loaded model /home/ikeda-05444/users/fan/GoProjects/KataModels/model-20200120.txt.gz
2020-01-23 23:47:11+0900: OpenCL backend: Model version 8
2020-01-23 23:47:11+0900: Analyzing up to 16 positions at at time in parallel
2020-01-23 23:47:11+0900: Started, ready to begin handling requests
2020-01-23 23:53:42+0900: Analysis Engine starting...
2020-01-23 23:53:42+0900: KataGo v1.3.1
2020-01-23 23:53:42+0900: nnRandSeed0 = 17624995025312123728
2020-01-23 23:53:42+0900: After dedups: nnModelFile0 = /home/ikeda-05444/users/fan/GoProjects/KataModels/model-20200120.txt.gz useFP16 false useNHWC false
2020-01-23 23:53:47+0900: Found OpenCL Platform 0: NVIDIA CUDA (NVIDIA Corporation) (OpenCL 1.2 CUDA 9.1.84)
2020-01-23 23:53:47+0900: Found 3 device(s) on platform 0 with type GPU or Accelerator
2020-01-23 23:53:47+0900: Found OpenCL Device 0: GeForce GTX TITAN X (NVIDIA Corporation)
2020-01-23 23:53:47+0900: Found OpenCL Device 1: GeForce GT 720 (NVIDIA Corporation)
2020-01-23 23:53:47+0900: Found OpenCL Device 2: GeForce GTX TITAN X (NVIDIA Corporation)
2020-01-23 23:53:47+0900: Using OpenCL Device 0: GeForce GTX TITAN X (NVIDIA Corporation) OpenCL 1.2 CUDA
2020-01-23 23:53:47+0900: Loaded tuning parameters from: /home/ikeda-05444/.katago/opencltuning/tune_gpuGeForceGTXTITANX_x19_y19_c256_mv8.txt
2020-01-23 23:53:47+0900: Loaded model /home/ikeda-05444/users/fan/GoProjects/KataModels/model-20200120.txt.gz
2020-01-23 23:53:47+0900: OpenCL backend: Model version 8
2020-01-23 23:53:47+0900: Analyzing up to 16 positions at at time in parallel
2020-01-23 23:53:47+0900: Started, ready to begin handling requests
2020-01-23 23:57:33+0900: Analysis Engine starting...
2020-01-23 23:57:33+0900: KataGo v1.3.1
2020-01-23 23:57:33+0900: nnRandSeed0 = 14678053472676637074
2020-01-23 23:57:33+0900: After dedups: nnModelFile0 = /home/ikeda-05444/users/fan/GoProjects/KataModels/model-20200120.txt.gz useFP16 false useNHWC false
2020-01-23 23:57:39+0900: Found OpenCL Platform 0: NVIDIA CUDA (NVIDIA Corporation) (OpenCL 1.2 CUDA 9.1.84)
2020-01-23 23:57:39+0900: Found 3 device(s) on platform 0 with type GPU or Accelerator
2020-01-23 23:57:39+0900: Found OpenCL Device 0: GeForce GTX TITAN X (NVIDIA Corporation)
2020-01-23 23:57:39+0900: Found OpenCL Device 1: GeForce GT 720 (NVIDIA Corporation)
2020-01-23 23:57:39+0900: Found OpenCL Device 2: GeForce GTX TITAN X (NVIDIA Corporation)
2020-01-23 23:57:39+0900: Using OpenCL Device 0: GeForce GTX TITAN X (NVIDIA Corporation) OpenCL 1.2 CUDA
2020-01-23 23:57:39+0900: Loaded tuning parameters from: /home/ikeda-05444/.katago/opencltuning/tune_gpuGeForceGTXTITANX_x19_y19_c256_mv8.txt
2020-01-23 23:57:39+0900: Loaded model /home/ikeda-05444/users/fan/GoProjects/KataModels/model-20200120.txt.gz
2020-01-23 23:57:39+0900: OpenCL backend: Model version 8
2020-01-23 23:57:39+0900: Analyzing up to 16 positions at at time in parallel
2020-01-23 23:57:39+0900: Started, ready to begin handling requests
2020-01-24 00:05:24+0900: Analysis Engine starting...
2020-01-24 00:05:24+0900: KataGo v1.3.1
2020-01-24 00:05:24+0900: nnRandSeed0 = 3941121109857504646
2020-01-24 00:05:24+0900: After dedups: nnModelFile0 = /home/ikeda-05444/users/fan/GoProjects/KataModels/model-20200120.txt.gz useFP16 false useNHWC false
2020-01-24 00:05:30+0900: Found OpenCL Platform 0: NVIDIA CUDA (NVIDIA Corporation) (OpenCL 1.2 CUDA 9.1.84)
2020-01-24 00:05:30+0900: Found 3 device(s) on platform 0 with type GPU or Accelerator
2020-01-24 00:05:30+0900: Found OpenCL Device 0: GeForce GTX TITAN X (NVIDIA Corporation)
2020-01-24 00:05:30+0900: Found OpenCL Device 1: GeForce GT 720 (NVIDIA Corporation)
2020-01-24 00:05:30+0900: Found OpenCL Device 2: GeForce GTX TITAN X (NVIDIA Corporation)
2020-01-24 00:05:30+0900: Using OpenCL Device 0: GeForce GTX TITAN X (NVIDIA Corporation) OpenCL 1.2 CUDA
2020-01-24 00:05:30+0900: Loaded tuning parameters from: /home/ikeda-05444/.katago/opencltuning/tune_gpuGeForceGTXTITANX_x19_y19_c256_mv8.txt
2020-01-24 00:05:30+0900: Loaded model /home/ikeda-05444/users/fan/GoProjects/KataModels/model-20200120.txt.gz
2020-01-24 00:05:30+0900: OpenCL backend: Model version 8
2020-01-24 00:05:30+0900: Analyzing up to 16 positions at at time in parallel
2020-01-24 00:05:30+0900: Started, ready to begin handling requests
2020-01-24 00:07:11+0900: Analysis Engine starting...
2020-01-24 00:07:11+0900: KataGo v1.3.1
2020-01-24 00:07:11+0900: nnRandSeed0 = 1837199878614798164
2020-01-24 00:07:11+0900: After dedups: nnModelFile0 = /home/ikeda-05444/users/fan/GoProjects/KataModels/model-20200120.txt.gz useFP16 false useNHWC false
2020-01-24 00:07:16+0900: Found OpenCL Platform 0: NVIDIA CUDA (NVIDIA Corporation) (OpenCL 1.2 CUDA 9.1.84)
2020-01-24 00:07:16+0900: Found 3 device(s) on platform 0 with type GPU or Accelerator
2020-01-24 00:07:16+0900: Found OpenCL Device 0: GeForce GTX TITAN X (NVIDIA Corporation)
2020-01-24 00:07:16+0900: Found OpenCL Device 1: GeForce GT 720 (NVIDIA Corporation)
2020-01-24 00:07:16+0900: Found OpenCL Device 2: GeForce GTX TITAN X (NVIDIA Corporation)
2020-01-24 00:07:16+0900: Using OpenCL Device 0: GeForce GTX TITAN X (NVIDIA Corporation) OpenCL 1.2 CUDA
2020-01-24 00:07:16+0900: Loaded tuning parameters from: /home/ikeda-05444/.katago/opencltuning/tune_gpuGeForceGTXTITANX_x19_y19_c256_mv8.txt
2020-01-24 00:07:16+0900: Loaded model /home/ikeda-05444/users/fan/GoProjects/KataModels/model-20200120.txt.gz
2020-01-24 00:07:16+0900: OpenCL backend: Model version 8
2020-01-24 00:07:16+0900: Analyzing up to 16 positions at at time in parallel
2020-01-24 00:07:16+0900: Started, ready to begin handling requests
2020-01-24 00:19:50+0900: Analysis Engine starting...
2020-01-24 00:19:50+0900: KataGo v1.3.1
2020-01-24 00:19:50+0900: nnRandSeed0 = 4622499911529841844
2020-01-24 00:19:50+0900: After dedups: nnModelFile0 = /home/ikeda-05444/users/fan/GoProjects/KataModels/model-20200120.txt.gz useFP16 false useNHWC false
2020-01-24 00:19:56+0900: Found OpenCL Platform 0: NVIDIA CUDA (NVIDIA Corporation) (OpenCL 1.2 CUDA 9.1.84)
2020-01-24 00:19:56+0900: Found 3 device(s) on platform 0 with type GPU or Accelerator
2020-01-24 00:19:56+0900: Found OpenCL Device 0: GeForce GTX TITAN X (NVIDIA Corporation)
2020-01-24 00:19:56+0900: Found OpenCL Device 1: GeForce GT 720 (NVIDIA Corporation)
2020-01-24 00:19:56+0900: Found OpenCL Device 2: GeForce GTX TITAN X (NVIDIA Corporation)
2020-01-24 00:19:56+0900: Using OpenCL Device 0: GeForce GTX TITAN X (NVIDIA Corporation) OpenCL 1.2 CUDA
2020-01-24 00:19:56+0900: Loaded tuning parameters from: /home/ikeda-05444/.katago/opencltuning/tune_gpuGeForceGTXTITANX_x19_y19_c256_mv8.txt
2020-01-24 00:19:56+0900: Loaded model /home/ikeda-05444/users/fan/GoProjects/KataModels/model-20200120.txt.gz
2020-01-24 00:19:56+0900: OpenCL backend: Model version 8
2020-01-24 00:19:56+0900: Analyzing up to 16 positions at at time in parallel
2020-01-24 00:19:56+0900: Started, ready to begin handling requests
2020-01-24 00:27:43+0900: Analysis Engine starting...
2020-01-24 00:27:43+0900: KataGo v1.3.1
2020-01-24 00:27:43+0900: nnRandSeed0 = 3431137584910355623
2020-01-24 00:27:43+0900: After dedups: nnModelFile0 = /home/ikeda-05444/users/fan/GoProjects/KataModels/model-20200120.txt.gz useFP16 false useNHWC false
2020-01-24 00:27:48+0900: Found OpenCL Platform 0: NVIDIA CUDA (NVIDIA Corporation) (OpenCL 1.2 CUDA 9.1.84)
2020-01-24 00:27:48+0900: Found 3 device(s) on platform 0 with type GPU or Accelerator
2020-01-24 00:27:48+0900: Found OpenCL Device 0: GeForce GTX TITAN X (NVIDIA Corporation)
2020-01-24 00:27:48+0900: Found OpenCL Device 1: GeForce GT 720 (NVIDIA Corporation)
2020-01-24 00:27:48+0900: Found OpenCL Device 2: GeForce GTX TITAN X (NVIDIA Corporation)
2020-01-24 00:27:49+0900: Using OpenCL Device 0: GeForce GTX TITAN X (NVIDIA Corporation) OpenCL 1.2 CUDA
2020-01-24 00:27:49+0900: Loaded tuning parameters from: /home/ikeda-05444/.katago/opencltuning/tune_gpuGeForceGTXTITANX_x19_y19_c256_mv8.txt
2020-01-24 00:27:49+0900: Loaded model /home/ikeda-05444/users/fan/GoProjects/KataModels/model-20200120.txt.gz
2020-01-24 00:27:49+0900: OpenCL backend: Model version 8
2020-01-24 00:27:49+0900: Analyzing up to 16 positions at at time in parallel
2020-01-24 00:27:49+0900: Started, ready to begin handling requests
2020-01-24 00:30:17+0900: Analysis Engine starting...
2020-01-24 00:30:17+0900: KataGo v1.3.1
2020-01-24 00:30:17+0900: nnRandSeed0 = 144158651019923634
2020-01-24 00:30:17+0900: After dedups: nnModelFile0 = /home/ikeda-05444/users/fan/GoProjects/KataModels/model-20200120.txt.gz useFP16 false useNHWC false
2020-01-24 00:30:23+0900: Found OpenCL Platform 0: NVIDIA CUDA (NVIDIA Corporation) (OpenCL 1.2 CUDA 9.1.84)
2020-01-24 00:30:23+0900: Found 3 device(s) on platform 0 with type GPU or Accelerator
2020-01-24 00:30:23+0900: Found OpenCL Device 0: GeForce GTX TITAN X (NVIDIA Corporation)
2020-01-24 00:30:23+0900: Found OpenCL Device 1: GeForce GT 720 (NVIDIA Corporation)
2020-01-24 00:30:23+0900: Found OpenCL Device 2: GeForce GTX TITAN X (NVIDIA Corporation)
2020-01-24 00:30:23+0900: Using OpenCL Device 0: GeForce GTX TITAN X (NVIDIA Corporation) OpenCL 1.2 CUDA
2020-01-24 00:30:23+0900: Loaded tuning parameters from: /home/ikeda-05444/.katago/opencltuning/tune_gpuGeForceGTXTITANX_x19_y19_c256_mv8.txt
2020-01-24 00:30:23+0900: Loaded model /home/ikeda-05444/users/fan/GoProjects/KataModels/model-20200120.txt.gz
2020-01-24 00:30:23+0900: OpenCL backend: Model version 8
2020-01-24 00:30:23+0900: Analyzing up to 16 positions at at time in parallel
2020-01-24 00:30:23+0900: Started, ready to begin handling requests
2020-01-24 00:43:23+0900: Analysis Engine starting...
2020-01-24 00:43:23+0900: KataGo v1.3.1
2020-01-24 00:43:23+0900: nnRandSeed0 = 16511755985483214305
2020-01-24 00:43:23+0900: After dedups: nnModelFile0 = /home/ikeda-05444/users/fan/GoProjects/KataModels/model-20200120.txt.gz useFP16 false useNHWC false
2020-01-24 00:43:28+0900: Found OpenCL Platform 0: NVIDIA CUDA (NVIDIA Corporation) (OpenCL 1.2 CUDA 9.1.84)
2020-01-24 00:43:28+0900: Found 3 device(s) on platform 0 with type GPU or Accelerator
2020-01-24 00:43:28+0900: Found OpenCL Device 0: GeForce GTX TITAN X (NVIDIA Corporation)
2020-01-24 00:43:28+0900: Found OpenCL Device 1: GeForce GT 720 (NVIDIA Corporation)
2020-01-24 00:43:28+0900: Found OpenCL Device 2: GeForce GTX TITAN X (NVIDIA Corporation)
2020-01-24 00:43:28+0900: Using OpenCL Device 0: GeForce GTX TITAN X (NVIDIA Corporation) OpenCL 1.2 CUDA
2020-01-24 00:43:28+0900: Loaded tuning parameters from: /home/ikeda-05444/.katago/opencltuning/tune_gpuGeForceGTXTITANX_x19_y19_c256_mv8.txt
2020-01-24 00:43:28+0900: Loaded model /home/ikeda-05444/users/fan/GoProjects/KataModels/model-20200120.txt.gz
2020-01-24 00:43:28+0900: OpenCL backend: Model version 8
2020-01-24 00:43:28+0900: Analyzing up to 16 positions at at time in parallel
2020-01-24 00:43:28+0900: Started, ready to begin handling requests
2020-01-24 00:53:14+0900: Analysis Engine starting...
2020-01-24 00:53:14+0900: KataGo v1.3.1
2020-01-24 00:53:14+0900: nnRandSeed0 = 13249822990901378559
2020-01-24 00:53:14+0900: After dedups: nnModelFile0 = /home/ikeda-05444/users/fan/GoProjects/KataModels/model-20200120.txt.gz useFP16 false useNHWC false
2020-01-24 00:53:20+0900: Found OpenCL Platform 0: NVIDIA CUDA (NVIDIA Corporation) (OpenCL 1.2 CUDA 9.1.84)
2020-01-24 00:53:20+0900: Found 3 device(s) on platform 0 with type GPU or Accelerator
2020-01-24 00:53:20+0900: Found OpenCL Device 0: GeForce GTX TITAN X (NVIDIA Corporation)
2020-01-24 00:53:20+0900: Found OpenCL Device 1: GeForce GT 720 (NVIDIA Corporation)
2020-01-24 00:53:20+0900: Found OpenCL Device 2: GeForce GTX TITAN X (NVIDIA Corporation)
2020-01-24 00:53:20+0900: Using OpenCL Device 0: GeForce GTX TITAN X (NVIDIA Corporation) OpenCL 1.2 CUDA
2020-01-24 00:53:20+0900: Loaded tuning parameters from: /home/ikeda-05444/.katago/opencltuning/tune_gpuGeForceGTXTITANX_x19_y19_c256_mv8.txt
2020-01-24 00:53:20+0900: Loaded model /home/ikeda-05444/users/fan/GoProjects/KataModels/model-20200120.txt.gz
2020-01-24 00:53:20+0900: OpenCL backend: Model version 8
2020-01-24 00:53:20+0900: Analyzing up to 16 positions at at time in parallel
2020-01-24 00:53:20+0900: Started, ready to begin handling requests
2020-01-24 00:56:08+0900: Analysis Engine starting...
2020-01-24 00:56:08+0900: KataGo v1.3.1
2020-01-24 00:56:08+0900: nnRandSeed0 = 9558444964939408735
2020-01-24 00:56:08+0900: After dedups: nnModelFile0 = /home/ikeda-05444/users/fan/GoProjects/KataModels/model-20200120.txt.gz useFP16 false useNHWC false
2020-01-24 00:56:13+0900: Found OpenCL Platform 0: NVIDIA CUDA (NVIDIA Corporation) (OpenCL 1.2 CUDA 9.1.84)
2020-01-24 00:56:13+0900: Found 3 device(s) on platform 0 with type GPU or Accelerator
2020-01-24 00:56:13+0900: Found OpenCL Device 0: GeForce GTX TITAN X (NVIDIA Corporation)
2020-01-24 00:56:13+0900: Found OpenCL Device 1: GeForce GT 720 (NVIDIA Corporation)
2020-01-24 00:56:13+0900: Found OpenCL Device 2: GeForce GTX TITAN X (NVIDIA Corporation)
2020-01-24 00:56:14+0900: Using OpenCL Device 0: GeForce GTX TITAN X (NVIDIA Corporation) OpenCL 1.2 CUDA
2020-01-24 00:56:14+0900: Loaded tuning parameters from: /home/ikeda-05444/.katago/opencltuning/tune_gpuGeForceGTXTITANX_x19_y19_c256_mv8.txt
2020-01-24 00:56:14+0900: Loaded model /home/ikeda-05444/users/fan/GoProjects/KataModels/model-20200120.txt.gz
2020-01-24 00:56:14+0900: OpenCL backend: Model version 8
2020-01-24 00:56:14+0900: Analyzing up to 16 positions at at time in parallel
2020-01-24 00:56:14+0900: Started, ready to begin handling requests
2020-01-24 00:56:16+0900: /home/ikeda-05444/users/fan/GoProjects/KataModels/model-20200120.txt.gz
2020-01-24 00:56:16+0900: NN rows: 0
2020-01-24 00:56:16+0900: NN batches: 0
2020-01-24 00:56:16+0900: NN avg batch size: -nan
2020-01-24 00:56:16+0900: All cleaned up, quitting
2020-01-24 00:58:48+0900: Analysis Engine starting...
2020-01-24 00:58:48+0900: KataGo v1.3.1
2020-01-24 00:58:48+0900: nnRandSeed0 = 1090240469023623490
2020-01-24 00:58:48+0900: After dedups: nnModelFile0 = /home/ikeda-05444/users/fan/GoProjects/KataModels/model-20200120.txt.gz useFP16 false useNHWC false
2020-01-24 01:01:08+0900: Analysis Engine starting...
2020-01-24 01:01:08+0900: KataGo v1.3.1
2020-01-24 01:01:08+0900: nnRandSeed0 = 1148143475883223802
2020-01-24 01:01:08+0900: After dedups: nnModelFile0 = /home/ikeda-05444/users/fan/GoProjects/KataModels/model-20200120.txt.gz useFP16 false useNHWC false
2020-01-24 01:01:14+0900: Found OpenCL Platform 0: NVIDIA CUDA (NVIDIA Corporation) (OpenCL 1.2 CUDA 9.1.84)
2020-01-24 01:01:14+0900: Found 3 device(s) on platform 0 with type GPU or Accelerator
2020-01-24 01:01:14+0900: Found OpenCL Device 0: GeForce GTX TITAN X (NVIDIA Corporation)
2020-01-24 01:01:14+0900: Found OpenCL Device 1: GeForce GT 720 (NVIDIA Corporation)
2020-01-24 01:01:14+0900: Found OpenCL Device 2: GeForce GTX TITAN X (NVIDIA Corporation)
2020-01-24 01:01:14+0900: Using OpenCL Device 0: GeForce GTX TITAN X (NVIDIA Corporation) OpenCL 1.2 CUDA
2020-01-24 01:01:14+0900: Loaded tuning parameters from: /home/ikeda-05444/.katago/opencltuning/tune_gpuGeForceGTXTITANX_x19_y19_c256_mv8.txt
2020-01-24 01:01:14+0900: Loaded model /home/ikeda-05444/users/fan/GoProjects/KataModels/model-20200120.txt.gz
2020-01-24 01:01:14+0900: OpenCL backend: Model version 8
2020-01-24 01:01:14+0900: Analyzing up to 16 positions at at time in parallel
2020-01-24 01:01:14+0900: Started, ready to begin handling requests
2020-01-24 01:18:47+0900: Analysis Engine starting...
2020-01-24 01:18:47+0900: KataGo v1.3.1
2020-01-24 01:18:47+0900: nnRandSeed0 = 590842541253930772
2020-01-24 01:18:47+0900: After dedups: nnModelFile0 = /home/ikeda-05444/users/fan/GoProjects/KataModels/model-20200120.txt.gz useFP16 false useNHWC false
2020-01-24 01:18:53+0900: Found OpenCL Platform 0: NVIDIA CUDA (NVIDIA Corporation) (OpenCL 1.2 CUDA 9.1.84)
2020-01-24 01:18:53+0900: Found 3 device(s) on platform 0 with type GPU or Accelerator
2020-01-24 01:18:53+0900: Found OpenCL Device 0: GeForce GTX TITAN X (NVIDIA Corporation)
2020-01-24 01:18:53+0900: Found OpenCL Device 1: GeForce GT 720 (NVIDIA Corporation)
2020-01-24 01:18:53+0900: Found OpenCL Device 2: GeForce GTX TITAN X (NVIDIA Corporation)
2020-01-24 01:18:53+0900: Using OpenCL Device 0: GeForce GTX TITAN X (NVIDIA Corporation) OpenCL 1.2 CUDA
2020-01-24 01:18:53+0900: Loaded tuning parameters from: /home/ikeda-05444/.katago/opencltuning/tune_gpuGeForceGTXTITANX_x19_y19_c256_mv8.txt
2020-01-24 01:18:53+0900: Loaded model /home/ikeda-05444/users/fan/GoProjects/KataModels/model-20200120.txt.gz
2020-01-24 01:18:53+0900: OpenCL backend: Model version 8
2020-01-24 01:18:53+0900: Analyzing up to 16 positions at at time in parallel
2020-01-24 01:18:53+0900: Started, ready to begin handling requests
2020-01-24 01:22:00+0900: Analysis Engine starting...
2020-01-24 01:22:00+0900: KataGo v1.3.1
2020-01-24 01:22:00+0900: nnRandSeed0 = 1057311624318577987
2020-01-24 01:22:00+0900: After dedups: nnModelFile0 = /home/ikeda-05444/users/fan/GoProjects/KataModels/model-20200120.txt.gz useFP16 false useNHWC false
2020-01-24 01:22:05+0900: Found OpenCL Platform 0: NVIDIA CUDA (NVIDIA Corporation) (OpenCL 1.2 CUDA 9.1.84)
2020-01-24 01:22:05+0900: Found 3 device(s) on platform 0 with type GPU or Accelerator
2020-01-24 01:22:05+0900: Found OpenCL Device 0: GeForce GTX TITAN X (NVIDIA Corporation)
2020-01-24 01:22:05+0900: Found OpenCL Device 1: GeForce GT 720 (NVIDIA Corporation)
2020-01-24 01:22:05+0900: Found OpenCL Device 2: GeForce GTX TITAN X (NVIDIA Corporation)
2020-01-24 01:22:06+0900: Using OpenCL Device 0: GeForce GTX TITAN X (NVIDIA Corporation) OpenCL 1.2 CUDA
2020-01-24 01:22:06+0900: Loaded tuning parameters from: /home/ikeda-05444/.katago/opencltuning/tune_gpuGeForceGTXTITANX_x19_y19_c256_mv8.txt
2020-01-24 01:22:06+0900: Loaded model /home/ikeda-05444/users/fan/GoProjects/KataModels/model-20200120.txt.gz
2020-01-24 01:22:06+0900: OpenCL backend: Model version 8
2020-01-24 01:22:06+0900: Analyzing up to 16 positions at at time in parallel
2020-01-24 01:22:06+0900: Started, ready to begin handling requests
2020-01-24 01:33:47+0900: Analysis Engine starting...
2020-01-24 01:33:47+0900: KataGo v1.3.1
2020-01-24 01:33:47+0900: nnRandSeed0 = 5215857147408626352
2020-01-24 01:33:47+0900: After dedups: nnModelFile0 = /home/ikeda-05444/users/fan/GoProjects/KataModels/model-20200120.txt.gz useFP16 false useNHWC false
2020-01-24 01:33:52+0900: Found OpenCL Platform 0: NVIDIA CUDA (NVIDIA Corporation) (OpenCL 1.2 CUDA 9.1.84)
2020-01-24 01:33:52+0900: Found 3 device(s) on platform 0 with type GPU or Accelerator
2020-01-24 01:33:52+0900: Found OpenCL Device 0: GeForce GTX TITAN X (NVIDIA Corporation)
2020-01-24 01:33:52+0900: Found OpenCL Device 1: GeForce GT 720 (NVIDIA Corporation)
2020-01-24 01:33:52+0900: Found OpenCL Device 2: GeForce GTX TITAN X (NVIDIA Corporation)
2020-01-24 01:33:52+0900: Using OpenCL Device 0: GeForce GTX TITAN X (NVIDIA Corporation) OpenCL 1.2 CUDA
2020-01-24 01:33:52+0900: Loaded tuning parameters from: /home/ikeda-05444/.katago/opencltuning/tune_gpuGeForceGTXTITANX_x19_y19_c256_mv8.txt
2020-01-24 01:33:52+0900: Loaded model /home/ikeda-05444/users/fan/GoProjects/KataModels/model-20200120.txt.gz
2020-01-24 01:33:52+0900: OpenCL backend: Model version 8
2020-01-24 01:33:52+0900: Analyzing up to 16 positions at at time in parallel
2020-01-24 01:33:52+0900: Started, ready to begin handling requests
2020-01-24 01:33:54+0900: /home/ikeda-05444/users/fan/GoProjects/KataModels/model-20200120.txt.gz
2020-01-24 01:33:54+0900: NN rows: 0
2020-01-24 01:33:54+0900: NN batches: 0
2020-01-24 01:33:54+0900: NN avg batch size: -nan
2020-01-24 01:33:55+0900: All cleaned up, quitting
2020-01-24 01:35:23+0900: Analysis Engine starting...
2020-01-24 01:35:23+0900: KataGo v1.3.1
2020-01-24 01:35:23+0900: nnRandSeed0 = 1355124279917697929
2020-01-24 01:35:23+0900: After dedups: nnModelFile0 = /home/ikeda-05444/users/fan/GoProjects/KataModels/model-20200120.txt.gz useFP16 false useNHWC false
2020-01-24 01:35:29+0900: Found OpenCL Platform 0: NVIDIA CUDA (NVIDIA Corporation) (OpenCL 1.2 CUDA 9.1.84)
2020-01-24 01:35:29+0900: Found 3 device(s) on platform 0 with type GPU or Accelerator
2020-01-24 01:35:29+0900: Found OpenCL Device 0: GeForce GTX TITAN X (NVIDIA Corporation)
2020-01-24 01:35:29+0900: Found OpenCL Device 1: GeForce GT 720 (NVIDIA Corporation)
2020-01-24 01:35:29+0900: Found OpenCL Device 2: GeForce GTX TITAN X (NVIDIA Corporation)
2020-01-24 01:35:29+0900: Using OpenCL Device 0: GeForce GTX TITAN X (NVIDIA Corporation) OpenCL 1.2 CUDA
2020-01-24 01:35:29+0900: Loaded tuning parameters from: /home/ikeda-05444/.katago/opencltuning/tune_gpuGeForceGTXTITANX_x19_y19_c256_mv8.txt
2020-01-24 01:35:29+0900: Loaded model /home/ikeda-05444/users/fan/GoProjects/KataModels/model-20200120.txt.gz
2020-01-24 01:35:29+0900: OpenCL backend: Model version 8
2020-01-24 01:35:29+0900: Analyzing up to 16 positions at at time in parallel
2020-01-24 01:35:29+0900: Started, ready to begin handling requests
2020-01-24 01:35:31+0900: /home/ikeda-05444/users/fan/GoProjects/KataModels/model-20200120.txt.gz
2020-01-24 01:35:31+0900: NN rows: 0
2020-01-24 01:35:31+0900: NN batches: 0
2020-01-24 01:35:31+0900: NN avg batch size: -nan
2020-01-24 01:35:31+0900: All cleaned up, quitting
2020-01-24 01:38:30+0900: Analysis Engine starting...
2020-01-24 01:38:30+0900: KataGo v1.3.1
2020-01-24 01:38:30+0900: nnRandSeed0 = 4155553661388849791
2020-01-24 01:38:30+0900: After dedups: nnModelFile0 = /home/ikeda-05444/users/fan/GoProjects/KataModels/model-20200120.txt.gz useFP16 false useNHWC false
2020-01-24 01:38:36+0900: Found OpenCL Platform 0: NVIDIA CUDA (NVIDIA Corporation) (OpenCL 1.2 CUDA 9.1.84)
2020-01-24 01:38:36+0900: Found 3 device(s) on platform 0 with type GPU or Accelerator
2020-01-24 01:38:36+0900: Found OpenCL Device 0: GeForce GTX TITAN X (NVIDIA Corporation)
2020-01-24 01:38:36+0900: Found OpenCL Device 1: GeForce GT 720 (NVIDIA Corporation)
2020-01-24 01:38:36+0900: Found OpenCL Device 2: GeForce GTX TITAN X (NVIDIA Corporation)
2020-01-24 01:38:36+0900: Using OpenCL Device 0: GeForce GTX TITAN X (NVIDIA Corporation) OpenCL 1.2 CUDA
2020-01-24 01:38:36+0900: Loaded tuning parameters from: /home/ikeda-05444/.katago/opencltuning/tune_gpuGeForceGTXTITANX_x19_y19_c256_mv8.txt
2020-01-24 01:38:36+0900: Loaded model /home/ikeda-05444/users/fan/GoProjects/KataModels/model-20200120.txt.gz
2020-01-24 01:38:36+0900: OpenCL backend: Model version 8
2020-01-24 01:38:36+0900: Analyzing up to 16 positions at at time in parallel
2020-01-24 01:38:36+0900: Started, ready to begin handling requests
2020-01-24 01:39:10+0900: Analysis Engine starting...
2020-01-24 01:39:10+0900: KataGo v1.3.1
2020-01-24 01:39:10+0900: nnRandSeed0 = 18025379314405774848
2020-01-24 01:39:10+0900: After dedups: nnModelFile0 = /home/ikeda-05444/users/fan/GoProjects/KataModels/model-20200120.txt.gz useFP16 false useNHWC false
2020-01-24 01:39:15+0900: Found OpenCL Platform 0: NVIDIA CUDA (NVIDIA Corporation) (OpenCL 1.2 CUDA 9.1.84)
2020-01-24 01:39:15+0900: Found 3 device(s) on platform 0 with type GPU or Accelerator
2020-01-24 01:39:15+0900: Found OpenCL Device 0: GeForce GTX TITAN X (NVIDIA Corporation)
2020-01-24 01:39:15+0900: Found OpenCL Device 1: GeForce GT 720 (NVIDIA Corporation)
2020-01-24 01:39:15+0900: Found OpenCL Device 2: GeForce GTX TITAN X (NVIDIA Corporation)
2020-01-24 01:39:16+0900: Using OpenCL Device 0: GeForce GTX TITAN X (NVIDIA Corporation) OpenCL 1.2 CUDA
2020-01-24 01:39:16+0900: Loaded tuning parameters from: /home/ikeda-05444/.katago/opencltuning/tune_gpuGeForceGTXTITANX_x19_y19_c256_mv8.txt
2020-01-24 01:39:16+0900: Loaded model /home/ikeda-05444/users/fan/GoProjects/KataModels/model-20200120.txt.gz
2020-01-24 01:39:16+0900: OpenCL backend: Model version 8
2020-01-24 01:39:16+0900: Analyzing up to 16 positions at at time in parallel
2020-01-24 01:39:16+0900: Started, ready to begin handling requests
2020-01-24 01:40:23+0900: /home/ikeda-05444/users/fan/GoProjects/KataModels/model-20200120.txt.gz
2020-01-24 01:40:23+0900: NN rows: 19733
2020-01-24 01:40:23+0900: NN batches: 3370
2020-01-24 01:40:23+0900: NN avg batch size: 5.85549
2020-01-24 01:40:23+0900: All cleaned up, quitting
